0 info it worked if it ends with ok
1 verbose cli [ 'C:\\Program Files\\nodejs\\node.exe',
1 verbose cli   'C:\\Users\\ronbulaon\\AppData\\Roaming\\npm\\node_modules\\npm\\bin\\npm-cli.js',
1 verbose cli   'install' ]
2 info using npm@3.3.12
3 info using node@v11.15.0
4 verbose stack ReferenceError: internalBinding is not defined
4 verbose stack     at evalmachine.<anonymous>:25:1
4 verbose stack     at Object.<anonymous> (C:\Users\ronbulaon\AppData\Roaming\npm\node_modules\npm\node_modules\cmd-shim\node_modules\graceful-fs\fs.js:11:1)
4 verbose stack     at Module._compile (internal/modules/cjs/loader.js:816:30)
4 verbose stack     at Object.Module._extensions..js (internal/modules/cjs/loader.js:827:10)
4 verbose stack     at Module.load (internal/modules/cjs/loader.js:685:32)
4 verbose stack     at Function.Module._load (internal/modules/cjs/loader.js:620:12)
4 verbose stack     at Module.require (internal/modules/cjs/loader.js:723:19)
4 verbose stack     at require (internal/modules/cjs/helpers.js:14:16)
4 verbose stack     at Object.<anonymous> (C:\Users\ronbulaon\AppData\Roaming\npm\node_modules\npm\node_modules\cmd-shim\node_modules\graceful-fs\graceful-fs.js:3:27)
4 verbose stack     at Module._compile (internal/modules/cjs/loader.js:816:30)
5 verbose cwd C:\Users\ronbulaon\Documents\GitHub\spaces
6 error Windows_NT 10.0.19042
7 error argv "C:\\Program Files\\nodejs\\node.exe" "C:\\Users\\ronbulaon\\AppData\\Roaming\\npm\\node_modules\\npm\\bin\\npm-cli.js" "install"
8 error node v11.15.0
9 error npm  v3.3.12
10 error internalBinding is not defined
11 error If you need help, you may report this error at:
11 error     <https://github.com/npm/npm/issues>
12 verbose exit [ 1, true ]
